C:\USERS\KNUT\DOCUMENTS\VISUAL STUDIO 2012\PROJECTS\SPACEINVADERS\SPACEINVADERS\DEBUG\SPACEINVADERS.PCH
C:\USERS\KNUT\DOCUMENTS\VISUAL STUDIO 2012\PROJECTS\SPACEINVADERS\SPACEINVADERS\DEBUG\STDAFX.OBJ
C:\USERS\KNUT\DOCUMENTS\VISUAL STUDIO 2012\PROJECTS\SPACEINVADERS\SPACEINVADERS\DEBUG\VC110.PDB
C:\USERS\KNUT\DOCUMENTS\VISUAL STUDIO 2012\PROJECTS\SPACEINVADERS\SPACEINVADERS\DEBUG\GAMEDYNAMIC2.OBJ
C:\USERS\KNUT\DOCUMENTS\VISUAL STUDIO 2012\PROJECTS\SPACEINVADERS\SPACEINVADERS\DEBUG\HANDLEKEYBOARD2.OBJ
C:\USERS\KNUT\DOCUMENTS\VISUAL STUDIO 2012\PROJECTS\SPACEINVADERS\SPACEINVADERS\DEBUG\LEVELCODE.OBJ
C:\USERS\KNUT\DOCUMENTS\VISUAL STUDIO 2012\PROJECTS\SPACEINVADERS\SPACEINVADERS\DEBUG\LOAD.OBJ
C:\USERS\KNUT\DOCUMENTS\VISUAL STUDIO 2012\PROJECTS\SPACEINVADERS\SPACEINVADERS\DEBUG\LOADGAME1.OBJ
C:\USERS\KNUT\DOCUMENTS\VISUAL STUDIO 2012\PROJECTS\SPACEINVADERS\SPACEINVADERS\DEBUG\LOADGAME2.OBJ
C:\USERS\KNUT\DOCUMENTS\VISUAL STUDIO 2012\PROJECTS\SPACEINVADERS\SPACEINVADERS\DEBUG\LOADGAME3.OBJ
C:\USERS\KNUT\DOCUMENTS\VISUAL STUDIO 2012\PROJECTS\SPACEINVADERS\SPACEINVADERS\DEBUG\LOADGAME4.OBJ
C:\USERS\KNUT\DOCUMENTS\VISUAL STUDIO 2012\PROJECTS\SPACEINVADERS\SPACEINVADERS\DEBUG\LOADMENU1.OBJ
C:\USERS\KNUT\DOCUMENTS\VISUAL STUDIO 2012\PROJECTS\SPACEINVADERS\SPACEINVADERS\DEBUG\LOADMENU2.OBJ
C:\USERS\KNUT\DOCUMENTS\VISUAL STUDIO 2012\PROJECTS\SPACEINVADERS\SPACEINVADERS\DEBUG\LOADMENUITEMS2.OBJ
C:\USERS\KNUT\DOCUMENTS\VISUAL STUDIO 2012\PROJECTS\SPACEINVADERS\SPACEINVADERS\DEBUG\MAIN.OBJ
C:\USERS\KNUT\DOCUMENTS\VISUAL STUDIO 2012\PROJECTS\SPACEINVADERS\SPACEINVADERS\DEBUG\HANDLEKEYBOARD1.OBJ
C:\USERS\KNUT\DOCUMENTS\VISUAL STUDIO 2012\PROJECTS\SPACEINVADERS\SPACEINVADERS\DEBUG\LOADMENUITEMS1.OBJ
C:\USERS\KNUT\DOCUMENTS\VISUAL STUDIO 2012\PROJECTS\SPACEINVADERS\SPACEINVADERS\DEBUG\SHOWGAME1.OBJ
C:\USERS\KNUT\DOCUMENTS\VISUAL STUDIO 2012\PROJECTS\SPACEINVADERS\SPACEINVADERS\DEBUG\SHOWGAME2.OBJ
C:\USERS\KNUT\DOCUMENTS\VISUAL STUDIO 2012\PROJECTS\SPACEINVADERS\SPACEINVADERS\DEBUG\SHOWMENU1.OBJ
C:\USERS\KNUT\DOCUMENTS\VISUAL STUDIO 2012\PROJECTS\SPACEINVADERS\SPACEINVADERS\DEBUG\SHOWMENU2.OBJ
C:\USERS\KNUT\DOCUMENTS\VISUAL STUDIO 2012\PROJECTS\SPACEINVADERS\SPACEINVADERS\DEBUG\SOUND.OBJ
C:\USERS\KNUT\DOCUMENTS\VISUAL STUDIO 2012\PROJECTS\SPACEINVADERS\SPACEINVADERS\DEBUG\WRSCORE.OBJ
C:\USERS\KNUT\DOCUMENTS\VISUAL STUDIO 2012\PROJECTS\SPACEINVADERS\SPACEINVADERS\DEBUG\ATTACKFIRE.OBJ
C:\USERS\KNUT\DOCUMENTS\VISUAL STUDIO 2012\PROJECTS\SPACEINVADERS\SPACEINVADERS\DEBUG\BOSSATTACKS.OBJ
C:\USERS\KNUT\DOCUMENTS\VISUAL STUDIO 2012\PROJECTS\SPACEINVADERS\SPACEINVADERS\DEBUG\BOSSATTACKSTOOLS1.OBJ
C:\USERS\KNUT\DOCUMENTS\VISUAL STUDIO 2012\PROJECTS\SPACEINVADERS\SPACEINVADERS\DEBUG\BOSSATTACKSTOOLS2.OBJ
C:\USERS\KNUT\DOCUMENTS\VISUAL STUDIO 2012\PROJECTS\SPACEINVADERS\SPACEINVADERS\DEBUG\BOSSTOOLS.OBJ
C:\USERS\KNUT\DOCUMENTS\VISUAL STUDIO 2012\PROJECTS\SPACEINVADERS\SPACEINVADERS\DEBUG\BROWSERMENU.OBJ
C:\USERS\KNUT\DOCUMENTS\VISUAL STUDIO 2012\PROJECTS\SPACEINVADERS\SPACEINVADERS\DEBUG\CHANGEOPT.OBJ
C:\USERS\KNUT\DOCUMENTS\VISUAL STUDIO 2012\PROJECTS\SPACEINVADERS\SPACEINVADERS\DEBUG\CHECKCOLLISIONS1.OBJ
C:\USERS\KNUT\DOCUMENTS\VISUAL STUDIO 2012\PROJECTS\SPACEINVADERS\SPACEINVADERS\DEBUG\CHECKCOLLISIONS2.OBJ
C:\USERS\KNUT\DOCUMENTS\VISUAL STUDIO 2012\PROJECTS\SPACEINVADERS\SPACEINVADERS\DEBUG\CHECKCOLLISIONS3.OBJ
C:\USERS\KNUT\DOCUMENTS\VISUAL STUDIO 2012\PROJECTS\SPACEINVADERS\SPACEINVADERS\DEBUG\FILESCORE.OBJ
C:\USERS\KNUT\DOCUMENTS\VISUAL STUDIO 2012\PROJECTS\SPACEINVADERS\SPACEINVADERS\DEBUG\GAME.OBJ
C:\USERS\KNUT\DOCUMENTS\VISUAL STUDIO 2012\PROJECTS\SPACEINVADERS\SPACEINVADERS\DEBUG\GAMEDYNAMIC1.OBJ
C:\USERS\KNUT\DOCUMENTS\VISUAL STUDIO 2012\PROJECTS\SPACEINVADERS\DEBUG\SPACEINVADERS.ILK
C:\USERS\KNUT\DOCUMENTS\VISUAL STUDIO 2012\PROJECTS\SPACEINVADERS\DEBUG\SPACEINVADERS.EXE
C:\USERS\KNUT\DOCUMENTS\VISUAL STUDIO 2012\PROJECTS\SPACEINVADERS\DEBUG\SPACEINVADERS.PDB
C:\Users\Knut\Documents\Visual Studio 2012\Projects\SpaceInvaders\SpaceInvaders\Debug\AttackFire.obj
C:\Users\Knut\Documents\Visual Studio 2012\Projects\SpaceInvaders\SpaceInvaders\Debug\BossAttacks.obj
C:\Users\Knut\Documents\Visual Studio 2012\Projects\SpaceInvaders\SpaceInvaders\Debug\BossAttacksTools1.obj
C:\Users\Knut\Documents\Visual Studio 2012\Projects\SpaceInvaders\SpaceInvaders\Debug\BossAttacksTools2.obj
C:\Users\Knut\Documents\Visual Studio 2012\Projects\SpaceInvaders\SpaceInvaders\Debug\BossTools.obj
C:\Users\Knut\Documents\Visual Studio 2012\Projects\SpaceInvaders\SpaceInvaders\Debug\BrowserMenu.obj
C:\Users\Knut\Documents\Visual Studio 2012\Projects\SpaceInvaders\SpaceInvaders\Debug\ChangeOpt.obj
C:\Users\Knut\Documents\Visual Studio 2012\Projects\SpaceInvaders\SpaceInvaders\Debug\CheckCollisions1.obj
C:\Users\Knut\Documents\Visual Studio 2012\Projects\SpaceInvaders\SpaceInvaders\Debug\CheckCollisions2.obj
C:\Users\Knut\Documents\Visual Studio 2012\Projects\SpaceInvaders\SpaceInvaders\Debug\CheckCollisions3.obj
C:\Users\Knut\Documents\Visual Studio 2012\Projects\SpaceInvaders\SpaceInvaders\Debug\FileScore.obj
C:\Users\Knut\Documents\Visual Studio 2012\Projects\SpaceInvaders\SpaceInvaders\Debug\Game.obj
C:\Users\Knut\Documents\Visual Studio 2012\Projects\SpaceInvaders\SpaceInvaders\Debug\GameDynamic1.obj
C:\Users\Knut\Documents\Visual Studio 2012\Projects\SpaceInvaders\SpaceInvaders\Debug\GameDynamic2.obj
C:\Users\Knut\Documents\Visual Studio 2012\Projects\SpaceInvaders\SpaceInvaders\Debug\HandleKeyboard1.obj
C:\Users\Knut\Documents\Visual Studio 2012\Projects\SpaceInvaders\SpaceInvaders\Debug\HandleKeyboard2.obj
C:\Users\Knut\Documents\Visual Studio 2012\Projects\SpaceInvaders\SpaceInvaders\Debug\LevelCode.obj
C:\Users\Knut\Documents\Visual Studio 2012\Projects\SpaceInvaders\SpaceInvaders\Debug\Load.obj
C:\Users\Knut\Documents\Visual Studio 2012\Projects\SpaceInvaders\SpaceInvaders\Debug\LoadGame1.obj
C:\Users\Knut\Documents\Visual Studio 2012\Projects\SpaceInvaders\SpaceInvaders\Debug\LoadGame2.obj
C:\Users\Knut\Documents\Visual Studio 2012\Projects\SpaceInvaders\SpaceInvaders\Debug\LoadGame3.obj
C:\Users\Knut\Documents\Visual Studio 2012\Projects\SpaceInvaders\SpaceInvaders\Debug\LoadGame4.obj
C:\Users\Knut\Documents\Visual Studio 2012\Projects\SpaceInvaders\SpaceInvaders\Debug\LoadMenu1.obj
C:\Users\Knut\Documents\Visual Studio 2012\Projects\SpaceInvaders\SpaceInvaders\Debug\LoadMenu2.obj
C:\Users\Knut\Documents\Visual Studio 2012\Projects\SpaceInvaders\SpaceInvaders\Debug\LoadMenuItems1.obj
C:\Users\Knut\Documents\Visual Studio 2012\Projects\SpaceInvaders\SpaceInvaders\Debug\LoadMenuItems2.obj
C:\Users\Knut\Documents\Visual Studio 2012\Projects\SpaceInvaders\SpaceInvaders\Debug\main.obj
C:\Users\Knut\Documents\Visual Studio 2012\Projects\SpaceInvaders\SpaceInvaders\Debug\ShowGame1.obj
C:\Users\Knut\Documents\Visual Studio 2012\Projects\SpaceInvaders\SpaceInvaders\Debug\ShowGame2.obj
C:\Users\Knut\Documents\Visual Studio 2012\Projects\SpaceInvaders\SpaceInvaders\Debug\ShowMenu1.obj
C:\Users\Knut\Documents\Visual Studio 2012\Projects\SpaceInvaders\SpaceInvaders\Debug\ShowMenu2.obj
C:\Users\Knut\Documents\Visual Studio 2012\Projects\SpaceInvaders\SpaceInvaders\Debug\Sound.obj
C:\Users\Knut\Documents\Visual Studio 2012\Projects\SpaceInvaders\SpaceInvaders\Debug\stdafx.obj
C:\Users\Knut\Documents\Visual Studio 2012\Projects\SpaceInvaders\SpaceInvaders\Debug\WrScore.obj
C:\Users\Knut\Documents\Visual Studio 2012\Projects\SpaceInvaders\SpaceInvaders\Debug\cl.command.1.tlog
C:\Users\Knut\Documents\Visual Studio 2012\Projects\SpaceInvaders\SpaceInvaders\Debug\CL.read.1.tlog
C:\Users\Knut\Documents\Visual Studio 2012\Projects\SpaceInvaders\SpaceInvaders\Debug\CL.write.1.tlog
C:\Users\Knut\Documents\Visual Studio 2012\Projects\SpaceInvaders\SpaceInvaders\Debug\link-cvtres.read.1.tlog
C:\Users\Knut\Documents\Visual Studio 2012\Projects\SpaceInvaders\SpaceInvaders\Debug\link-cvtres.write.1.tlog
C:\Users\Knut\Documents\Visual Studio 2012\Projects\SpaceInvaders\SpaceInvaders\Debug\link-rc.read.1.tlog
C:\Users\Knut\Documents\Visual Studio 2012\Projects\SpaceInvaders\SpaceInvaders\Debug\link-rc.write.1.tlog
C:\Users\Knut\Documents\Visual Studio 2012\Projects\SpaceInvaders\SpaceInvaders\Debug\link.command.1.tlog
C:\Users\Knut\Documents\Visual Studio 2012\Projects\SpaceInvaders\SpaceInvaders\Debug\link.read.1.tlog
C:\Users\Knut\Documents\Visual Studio 2012\Projects\SpaceInvaders\SpaceInvaders\Debug\link.write.1.tlog
C:\Users\Knut\Documents\Visual Studio 2012\Projects\SpaceInvaders\SpaceInvaders\Debug\SpaceInvaders.pch
C:\Users\Knut\Documents\Visual Studio 2012\Projects\SpaceInvaders\SpaceInvaders\Debug\vc110.idb
C:\Users\Knut\Documents\Visual Studio 2012\Projects\SpaceInvaders\SpaceInvaders\Debug\vc110.pdb
C:\Users\Knut\Documents\Visual Studio 2012\Projects\SpaceInvaders\Debug\SpaceInvaders.pdb
C:\Users\Knut\Documents\Visual Studio 2012\Projects\SpaceInvaders\Debug\SpaceInvaders.exe
C:\Users\Knut\Documents\Visual Studio 2012\Projects\SpaceInvaders\Debug\SpaceInvaders.ilk
